13:44:00.238 INFO - Selenium build info: version: '3.0.1', revision: '1969d75'
13:44:00.239 INFO - Launching a standalone Selenium Server
2017-03-06 13:44:00.258:INFO::main: Logging initialized @259ms
13:44:00.318 INFO - Driver provider org.openqa.selenium.ie.InternetExplorerDriver registration is skipped:
 registration capabilities Capabilities [{ensureCleanSession=true, browserName=internet explorer, version=, platform=WINDOWS}] does not match the current platform MAC
13:44:00.318 INFO - Driver provider org.openqa.selenium.edge.EdgeDriver registration is skipped:
 registration capabilities Capabilities [{browserName=MicrosoftEdge, version=, platform=WINDOWS}] does not match the current platform MAC
13:44:00.318 INFO - Driver class not found: com.opera.core.systems.OperaDriver
13:44:00.318 INFO - Driver provider com.opera.core.systems.OperaDriver registration is skipped:
Unable to create new instances on this machine.
13:44:00.318 INFO - Driver class not found: com.opera.core.systems.OperaDriver
13:44:00.319 INFO - Driver provider com.opera.core.systems.OperaDriver is not registered
2017-03-06 13:44:00.356:INFO:osjs.Server:main: jetty-9.2.15.v20160210
2017-03-06 13:44:00.381:INFO:osjsh.ContextHandler:main: Started o.s.j.s.ServletContextHandler@6cc4c815{/,null,AVAILABLE}
2017-03-06 13:44:00.420:INFO:osjs.ServerConnector:main: Started ServerConnector@7823a2f9{HTTP/1.1}{0.0.0.0:4444}
2017-03-06 13:44:00.420:INFO:osjs.Server:main: Started @421ms
13:44:00.420 INFO - Selenium Server is up and running
13:44:00.681 INFO - SessionCleaner initialized with insideBrowserTimeout 0 and clientGoneTimeout 1800000 polling every 180000
13:44:00.710 INFO - Executing: [new session: Capabilities [{acceptSslCerts=true, browserName=chrome, javascriptEnabled=true, platform=ANY}]])
13:44:00.723 INFO - Creating a new session for Capabilities [{acceptSslCerts=true, browserName=chrome, javascriptEnabled=true, platform=ANY}]
Starting ChromeDriver 2.27.440174 (e97a722caafc2d3a8b807ee115bfb307f7d2cfd9) on port 16350
Only local connections are allowed.
13:44:01.221 INFO - Attempting bi-dialect session, assuming Postel's Law holds true on the remote end
13:44:01.973 INFO - Detected dialect: OSS
13:44:01.996 INFO - Done: [new session: Capabilities [{acceptSslCerts=true, browserName=chrome, javascriptEnabled=true, platform=ANY}]]
13:44:02.019 INFO - Executing: [get: http://sports.williamhill.com/betting/en-gb])
13:44:06.270 INFO - Done: [get: http://sports.williamhill.com/betting/en-gb]
13:44:06.278 INFO - Executing: [maximise window])
13:44:07.003 INFO - Done: [maximise window]
13:44:07.014 INFO - Executing: [find elements: By.xpath: //span[@class='account-tab__text -login']])
13:44:07.066 INFO - Done: [find elements: By.xpath: //span[@class='account-tab__text -login']]
13:44:07.074 INFO - Executing: [is displayed: 0 [[ChromeDriver: chrome on MAC (8afe605f591f38670e69c8d6f04279cc)] -> xpath: //span[@class='account-tab__text -login']]])
13:44:07.102 INFO - Done: [is displayed: 0 [[ChromeDriver: chrome on MAC (8afe605f591f38670e69c8d6f04279cc)] -> xpath: //span[@class='account-tab__text -login']]]
13:44:07.110 INFO - Executing: [find element: By.xpath: //span[@class='account-tab__text -login']])
13:44:07.137 INFO - Done: [find element: By.xpath: //span[@class='account-tab__text -login']]
13:44:07.147 INFO - Executing: [click: 0 [[ChromeDriver: chrome on MAC (8afe605f591f38670e69c8d6f04279cc)] -> xpath: //span[@class='account-tab__text -login']]])
13:44:07.236 INFO - Done: [click: 0 [[ChromeDriver: chrome on MAC (8afe605f591f38670e69c8d6f04279cc)] -> xpath: //span[@class='account-tab__text -login']]]
13:44:07.250 INFO - Executing: [find element: By.cssSelector: #loginUsernameInput])
13:44:07.569 INFO - Done: [find element: By.cssSelector: #loginUsernameInput]
13:44:07.574 INFO - Executing: [send keys: 1 [[ChromeDriver: chrome on MAC (8afe605f591f38670e69c8d6f04279cc)] -> css selector: #loginUsernameInput], [W, H, A, T, A, _, F, O, G, 2]])
13:44:07.653 INFO - Done: [send keys: 1 [[ChromeDriver: chrome on MAC (8afe605f591f38670e69c8d6f04279cc)] -> css selector: #loginUsernameInput], [W, H, A, T, A, _, F, O, G, 2]]
13:44:07.659 INFO - Executing: [find element: By.cssSelector: #loginPasswordInput])
13:44:07.706 INFO - Done: [find element: By.cssSelector: #loginPasswordInput]
13:44:07.716 INFO - Executing: [send keys: 2 [[ChromeDriver: chrome on MAC (8afe605f591f38670e69c8d6f04279cc)] -> css selector: #loginPasswordInput], [F, 0, g, U, a, T, t, e, s, t]])
13:44:07.810 INFO - Done: [send keys: 2 [[ChromeDriver: chrome on MAC (8afe605f591f38670e69c8d6f04279cc)] -> css selector: #loginPasswordInput], [F, 0, g, U, a, T, t, e, s, t]]
13:44:07.820 INFO - Executing: [find element: By.cssSelector: #loginButton])
13:44:07.844 INFO - Done: [find element: By.cssSelector: #loginButton]
13:44:07.849 INFO - Executing: [click: 3 [[ChromeDriver: chrome on MAC (8afe605f591f38670e69c8d6f04279cc)] -> css selector: #loginButton]])
13:44:07.969 INFO - Done: [click: 3 [[ChromeDriver: chrome on MAC (8afe605f591f38670e69c8d6f04279cc)] -> css selector: #loginButton]]
13:44:10.996 INFO - Executing: [find element: By.cssSelector: .burger__box])
13:44:11.027 INFO - Done: [find element: By.cssSelector: .burger__box]
13:44:11.033 INFO - Executing: [get element attribute: 4 [[ChromeDriver: chrome on MAC (8afe605f591f38670e69c8d6f04279cc)] -> css selector: .burger__box], class])
13:44:11.043 INFO - Done: [get element attribute: 4 [[ChromeDriver: chrome on MAC (8afe605f591f38670e69c8d6f04279cc)] -> css selector: .burger__box], class]
13:44:11.049 INFO - Executing: [find element: By.cssSelector: div.toolbar__item > a.navSearch])
13:44:11.071 INFO - Done: [find element: By.cssSelector: div.toolbar__item > a.navSearch]
13:44:11.077 INFO - Executing: [click: 5 [[ChromeDriver: chrome on MAC (8afe605f591f38670e69c8d6f04279cc)] -> css selector: div.toolbar__item > a.navSearch]])
13:44:11.152 INFO - Done: [click: 5 [[ChromeDriver: chrome on MAC (8afe605f591f38670e69c8d6f04279cc)] -> css selector: div.toolbar__item > a.navSearch]]
13:44:12.165 INFO - Executing: [find element: By.cssSelector: #search-input])
13:44:12.184 INFO - Done: [find element: By.cssSelector: #search-input]
13:44:12.189 INFO - Executing: [send keys: 6 [[ChromeDriver: chrome on MAC (8afe605f591f38670e69c8d6f04279cc)] -> css selector: #search-input], [B, o, u, r, n, e, m, o, u, t, h,  , v, s,  , W, e, s, t,  , H, a, m]])
13:44:12.567 INFO - Done: [send keys: 6 [[ChromeDriver: chrome on MAC (8afe605f591f38670e69c8d6f04279cc)] -> css selector: #search-input], [B, o, u, r, n, e, m, o, u, t, h,  , v, s,  , W, e, s, t,  , H, a, m]]
13:44:12.572 INFO - Executing: [find elements: By.xpath: //span[@class='search-events__msg']])
13:44:12.602 INFO - Done: [find elements: By.xpath: //span[@class='search-events__msg']]
13:44:12.607 INFO - Executing: [is displayed: 7 [[ChromeDriver: chrome on MAC (8afe605f591f38670e69c8d6f04279cc)] -> xpath: //span[@class='search-events__msg']]])
13:44:12.645 INFO - Done: [is displayed: 7 [[ChromeDriver: chrome on MAC (8afe605f591f38670e69c8d6f04279cc)] -> xpath: //span[@class='search-events__msg']]]
13:44:13.154 INFO - Executing: [is displayed: 7 [[ChromeDriver: chrome on MAC (8afe605f591f38670e69c8d6f04279cc)] -> xpath: //span[@class='search-events__msg']]])
13:44:13.163 INFO - Done: [is displayed: 7 [[ChromeDriver: chrome on MAC (8afe605f591f38670e69c8d6f04279cc)] -> xpath: //span[@class='search-events__msg']]]
13:44:13.671 INFO - Executing: [is displayed: 7 [[ChromeDriver: chrome on MAC (8afe605f591f38670e69c8d6f04279cc)] -> xpath: //span[@class='search-events__msg']]])
13:44:13.679 INFO - Done: [is displayed: 7 [[ChromeDriver: chrome on MAC (8afe605f591f38670e69c8d6f04279cc)] -> xpath: //span[@class='search-events__msg']]]
13:44:14.188 INFO - Executing: [is displayed: 7 [[ChromeDriver: chrome on MAC (8afe605f591f38670e69c8d6f04279cc)] -> xpath: //span[@class='search-events__msg']]])
13:44:14.196 INFO - Done: [is displayed: 7 [[ChromeDriver: chrome on MAC (8afe605f591f38670e69c8d6f04279cc)] -> xpath: //span[@class='search-events__msg']]]
13:44:14.704 INFO - Executing: [is displayed: 7 [[ChromeDriver: chrome on MAC (8afe605f591f38670e69c8d6f04279cc)] -> xpath: //span[@class='search-events__msg']]])
13:44:14.713 INFO - Done: [is displayed: 7 [[ChromeDriver: chrome on MAC (8afe605f591f38670e69c8d6f04279cc)] -> xpath: //span[@class='search-events__msg']]]
13:44:15.221 INFO - Executing: [is displayed: 7 [[ChromeDriver: chrome on MAC (8afe605f591f38670e69c8d6f04279cc)] -> xpath: //span[@class='search-events__msg']]])
13:44:15.229 INFO - Done: [is displayed: 7 [[ChromeDriver: chrome on MAC (8afe605f591f38670e69c8d6f04279cc)] -> xpath: //span[@class='search-events__msg']]]
13:44:15.736 INFO - Executing: [is displayed: 7 [[ChromeDriver: chrome on MAC (8afe605f591f38670e69c8d6f04279cc)] -> xpath: //span[@class='search-events__msg']]])
13:44:15.745 INFO - Done: [is displayed: 7 [[ChromeDriver: chrome on MAC (8afe605f591f38670e69c8d6f04279cc)] -> xpath: //span[@class='search-events__msg']]]
13:44:15.749 INFO - Executing: [find elements: By.xpath: //span[@class='search-events__msg']])
13:44:15.759 INFO - Done: [find elements: By.xpath: //span[@class='search-events__msg']]
13:44:15.763 INFO - Executing: [get text: 7 [[ChromeDriver: chrome on MAC (8afe605f591f38670e69c8d6f04279cc)] -> xpath: //span[@class='search-events__msg']]])
13:44:15.791 INFO - Done: [get text: 7 [[ChromeDriver: chrome on MAC (8afe605f591f38670e69c8d6f04279cc)] -> xpath: //span[@class='search-events__msg']]]
13:44:15.796 INFO - Executing: [find element: By.cssSelector: li[class='search-events__item'] > a])
13:44:15.815 INFO - Done: [find element: By.cssSelector: li[class='search-events__item'] > a]
13:44:15.819 INFO - Executing: [click: 8 [[ChromeDriver: chrome on MAC (8afe605f591f38670e69c8d6f04279cc)] -> css selector: li[class='search-events__item'] > a]])
13:44:15.910 INFO - Done: [click: 8 [[ChromeDriver: chrome on MAC (8afe605f591f38670e69c8d6f04279cc)] -> css selector: li[class='search-events__item'] > a]]
13:44:17.923 INFO - Executing: [find elements: By.cssSelector: h1.header-panel__title])
13:44:17.946 INFO - Done: [find elements: By.cssSelector: h1.header-panel__title]
13:44:17.949 INFO - Executing: [is displayed: 9 [[ChromeDriver: chrome on MAC (8afe605f591f38670e69c8d6f04279cc)] -> css selector: h1.header-panel__title]])
13:44:17.972 INFO - Done: [is displayed: 9 [[ChromeDriver: chrome on MAC (8afe605f591f38670e69c8d6f04279cc)] -> css selector: h1.header-panel__title]]
13:44:17.976 INFO - Executing: [find elements: By.cssSelector: h1.header-panel__title])
13:44:17.985 INFO - Done: [find elements: By.cssSelector: h1.header-panel__title]
13:44:17.988 INFO - Executing: [get text: 9 [[ChromeDriver: chrome on MAC (8afe605f591f38670e69c8d6f04279cc)] -> css selector: h1.header-panel__title]])
13:44:18.010 INFO - Done: [get text: 9 [[ChromeDriver: chrome on MAC (8afe605f591f38670e69c8d6f04279cc)] -> css selector: h1.header-panel__title]]
13:44:20.028 INFO - Executing: [find elements: By.xpath: //h2[text()='90 Minutes']/../following-sibling::*//button[@data-name='Bournemouth']])
13:44:20.050 INFO - Done: [find elements: By.xpath: //h2[text()='90 Minutes']/../following-sibling::*//button[@data-name='Bournemouth']]
13:44:20.053 INFO - Executing: [is displayed: 10 [[ChromeDriver: chrome on MAC (8afe605f591f38670e69c8d6f04279cc)] -> xpath: //h2[text()='90 Minutes']/../following-sibling::*//button[@data-name='Bournemouth']]])
13:44:20.073 INFO - Done: [is displayed: 10 [[ChromeDriver: chrome on MAC (8afe605f591f38670e69c8d6f04279cc)] -> xpath: //h2[text()='90 Minutes']/../following-sibling::*//button[@data-name='Bournemouth']]]
13:44:20.077 INFO - Executing: [find element: By.xpath: //h2[text()='90 Minutes']/../following-sibling::*//button[@data-name='Bournemouth']])
13:44:20.103 INFO - Done: [find element: By.xpath: //h2[text()='90 Minutes']/../following-sibling::*//button[@data-name='Bournemouth']]
13:44:20.107 INFO - Executing: [click: 10 [[ChromeDriver: chrome on MAC (8afe605f591f38670e69c8d6f04279cc)] -> xpath: //h2[text()='90 Minutes']/../following-sibling::*//button[@data-name='Bournemouth']]])
13:44:20.174 INFO - Done: [click: 10 [[ChromeDriver: chrome on MAC (8afe605f591f38670e69c8d6f04279cc)] -> xpath: //h2[text()='90 Minutes']/../following-sibling::*//button[@data-name='Bournemouth']]]
13:44:20.179 INFO - Executing: [find element: By.xpath: .burger__box])
13:44:20.976 ERROR - Unexpected exception during findElement
org.openqa.selenium.WebDriverException: unknown error: Cannot set property 'name' of undefined
  (Session info: chrome=56.0.2924.87)
  (Driver info: chromedriver=2.27.440174 (e97a722caafc2d3a8b807ee115bfb307f7d2cfd9),platform=Mac OS X 10.11.6 x86_64) (WARNING: The server did not provide any stacktrace information)
Command duration or timeout: 78 milliseconds
Build info: version: '3.0.1', revision: '1969d75', time: '2016-10-18 09:48:19 -0700'
System info: host: 'Pavans-MacBook-Pro.local', ip: '172.20.10.2', os.name: 'Mac OS X', os.arch: 'x86_64', os.version: '10.11.6', java.version: '1.8.0_121'
Driver info: org.openqa.selenium.chrome.ChromeDriver
Capabilities [{applicationCacheEnabled=false, rotatable=false, mobileEmulationEnabled=false, networkConnectionEnabled=false, chrome={chromedriverVersion=2.27.440174 (e97a722caafc2d3a8b807ee115bfb307f7d2cfd9), userDataDir=/var/folders/qs/34gl6fj12rv0wqp0jjp51jzc0000gn/T/.org.chromium.Chromium.dst0GF}, takesHeapSnapshot=true, pageLoadStrategy=normal, databaseEnabled=false, handlesAlerts=true, hasTouchScreen=false, version=56.0.2924.87, platform=MAC, browserConnectionEnabled=false, nativeEvents=true, acceptSslCerts=true, locationContextEnabled=true, webStorageEnabled=true, browserName=chrome, takesScreenshot=true, javascriptEnabled=true, cssSelectorsEnabled=true, unexpectedAlertBehaviour=}]
Session ID: 8afe605f591f38670e69c8d6f04279cc
*** Element info: {Using=xpath, value=.burger__box}
	at sun.reflect.NativeConstructorAccessorImpl.newInstance0(Native Method)
	at sun.reflect.NativeConstructorAccessorImpl.newInstance(NativeConstructorAccessorImpl.java:62)
	at sun.reflect.DelegatingConstructorAccessorImpl.newInstance(DelegatingConstructorAccessorImpl.java:45)
	at java.lang.reflect.Constructor.newInstance(Constructor.java:423)
	at org.openqa.selenium.remote.ErrorHandler.createThrowable(ErrorHandler.java:216)
	at org.openqa.selenium.remote.ErrorHandler.throwIfResponseFailed(ErrorHandler.java:168)
	at org.openqa.selenium.remote.RemoteWebDriver.execute(RemoteWebDriver.java:635)
	at org.openqa.selenium.remote.RemoteWebDriver.findElement(RemoteWebDriver.java:368)
	at org.openqa.selenium.remote.RemoteWebDriver.findElementByXPath(RemoteWebDriver.java:473)
	at org.openqa.selenium.By$ByXPath.findElement(By.java:361)
	at org.openqa.selenium.remote.RemoteWebDriver.findElement(RemoteWebDriver.java:360)
	at sun.reflect.NativeMethodAccessorImpl.invoke0(Native Method)
	at sun.reflect.NativeMethodAccessorImpl.invoke(NativeMethodAccessorImpl.java:62)
	at sun.reflect.DelegatingMethodAccessorImpl.invoke(DelegatingMethodAccessorImpl.java:43)
	at java.lang.reflect.Method.invoke(Method.java:498)
	at org.openqa.selenium.support.events.EventFiringWebDriver$2.invoke(EventFiringWebDriver.java:103)
	at com.sun.proxy.$Proxy4.findElement(Unknown Source)
	at org.openqa.selenium.support.events.EventFiringWebDriver.findElement(EventFiringWebDriver.java:187)
	at org.openqa.selenium.remote.server.handler.FindElement.call(FindElement.java:48)
	at org.openqa.selenium.remote.server.handler.FindElement.call(FindElement.java:33)
	at java.util.concurrent.FutureTask.run(FutureTask.java:266)
	at org.openqa.selenium.remote.server.DefaultSession$1.run(DefaultSession.java:176)
	at java.util.concurrent.ThreadPoolExecutor.runWorker(ThreadPoolExecutor.java:1142)
	at java.util.concurrent.ThreadPoolExecutor$Worker.run(ThreadPoolExecutor.java:617)
	at java.lang.Thread.run(Thread.java:745)
13:44:21.383 WARN - Exception thrown
org.openqa.selenium.WebDriverException: unknown error: Cannot set property 'name' of undefined
  (Session info: chrome=56.0.2924.87)
  (Driver info: chromedriver=2.27.440174 (e97a722caafc2d3a8b807ee115bfb307f7d2cfd9),platform=Mac OS X 10.11.6 x86_64) (WARNING: The server did not provide any stacktrace information)
Command duration or timeout: 78 milliseconds
Build info: version: '3.0.1', revision: '1969d75', time: '2016-10-18 09:48:19 -0700'
System info: host: 'Pavans-MacBook-Pro.local', ip: '172.20.10.2', os.name: 'Mac OS X', os.arch: 'x86_64', os.version: '10.11.6', java.version: '1.8.0_121'
Driver info: org.openqa.selenium.chrome.ChromeDriver
Capabilities [{applicationCacheEnabled=false, rotatable=false, mobileEmulationEnabled=false, networkConnectionEnabled=false, chrome={chromedriverVersion=2.27.440174 (e97a722caafc2d3a8b807ee115bfb307f7d2cfd9), userDataDir=/var/folders/qs/34gl6fj12rv0wqp0jjp51jzc0000gn/T/.org.chromium.Chromium.dst0GF}, takesHeapSnapshot=true, pageLoadStrategy=normal, databaseEnabled=false, handlesAlerts=true, hasTouchScreen=false, version=56.0.2924.87, platform=MAC, browserConnectionEnabled=false, nativeEvents=true, acceptSslCerts=true, locationContextEnabled=true, webStorageEnabled=true, browserName=chrome, takesScreenshot=true, javascriptEnabled=true, cssSelectorsEnabled=true, unexpectedAlertBehaviour=}]
Session ID: 8afe605f591f38670e69c8d6f04279cc
*** Element info: {Using=xpath, value=.burger__box}
	at sun.reflect.NativeConstructorAccessorImpl.newInstance0(Native Method)
	at sun.reflect.NativeConstructorAccessorImpl.newInstance(NativeConstructorAccessorImpl.java:62)
	at sun.reflect.DelegatingConstructorAccessorImpl.newInstance(DelegatingConstructorAccessorImpl.java:45)
	at java.lang.reflect.Constructor.newInstance(Constructor.java:423)
	at org.openqa.selenium.remote.ErrorHandler.createThrowable(ErrorHandler.java:216)
	at org.openqa.selenium.remote.ErrorHandler.throwIfResponseFailed(ErrorHandler.java:168)
	at org.openqa.selenium.remote.RemoteWebDriver.execute(RemoteWebDriver.java:635)
	at org.openqa.selenium.remote.RemoteWebDriver.findElement(RemoteWebDriver.java:368)
	at org.openqa.selenium.remote.RemoteWebDriver.findElementByXPath(RemoteWebDriver.java:473)
	at org.openqa.selenium.By$ByXPath.findElement(By.java:361)
	at org.openqa.selenium.remote.RemoteWebDriver.findElement(RemoteWebDriver.java:360)
	at sun.reflect.NativeMethodAccessorImpl.invoke0(Native Method)
	at sun.reflect.NativeMethodAccessorImpl.invoke(NativeMethodAccessorImpl.java:62)
	at sun.reflect.DelegatingMethodAccessorImpl.invoke(DelegatingMethodAccessorImpl.java:43)
	at java.lang.reflect.Method.invoke(Method.java:498)
	at org.openqa.selenium.support.events.EventFiringWebDriver$2.invoke(EventFiringWebDriver.java:103)
	at com.sun.proxy.$Proxy4.findElement(Unknown Source)
	at org.openqa.selenium.support.events.EventFiringWebDriver.findElement(EventFiringWebDriver.java:187)
	at org.openqa.selenium.remote.server.handler.FindElement.call(FindElement.java:48)
	at org.openqa.selenium.remote.server.handler.FindElement.call(FindElement.java:33)
	at java.util.concurrent.FutureTask.run(FutureTask.java:266)
	at org.openqa.selenium.remote.server.DefaultSession$1.run(DefaultSession.java:176)
	at java.util.concurrent.ThreadPoolExecutor.runWorker(ThreadPoolExecutor.java:1142)
	at java.util.concurrent.ThreadPoolExecutor$Worker.run(ThreadPoolExecutor.java:617)
	at java.lang.Thread.run(Thread.java:745)
13:44:21.385 WARN - Exception: unknown error: Cannot set property 'name' of undefined
  (Session info: chrome=56.0.2924.87)
  (Driver info: chromedriver=2.27.440174 (e97a722caafc2d3a8b807ee115bfb307f7d2cfd9),platform=Mac OS X 10.11.6 x86_64) (WARNING: The server did not provide any stacktrace information)
Command duration or timeout: 78 milliseconds
Build info: version: '3.0.1', revision: '1969d75', time: '2016-10-18 09:48:19 -0700'
System info: host: 'Pavans-MacBook-Pro.local', ip: '172.20.10.2', os.name: 'Mac OS X', os.arch: 'x86_64', os.version: '10.11.6', java.version: '1.8.0_121'
Driver info: org.openqa.selenium.chrome.ChromeDriver
Capabilities [{applicationCacheEnabled=false, rotatable=false, mobileEmulationEnabled=false, networkConnectionEnabled=false, chrome={chromedriverVersion=2.27.440174 (e97a722caafc2d3a8b807ee115bfb307f7d2cfd9), userDataDir=/var/folders/qs/34gl6fj12rv0wqp0jjp51jzc0000gn/T/.org.chromium.Chromium.dst0GF}, takesHeapSnapshot=true, pageLoadStrategy=normal, databaseEnabled=false, handlesAlerts=true, hasTouchScreen=false, version=56.0.2924.87, platform=MAC, browserConnectionEnabled=false, nativeEvents=true, acceptSslCerts=true, locationContextEnabled=true, webStorageEnabled=true, browserName=chrome, takesScreenshot=true, javascriptEnabled=true, cssSelectorsEnabled=true, unexpectedAlertBehaviour=}]
Session ID: 8afe605f591f38670e69c8d6f04279cc
*** Element info: {Using=xpath, value=.burger__box}
13:44:21.447 INFO - Executing: [find element: By.xpath: //div[@id='betslip-btn-toolbar']//a])
13:44:21.473 INFO - Done: [find element: By.xpath: //div[@id='betslip-btn-toolbar']//a]
13:44:21.479 INFO - Executing: [click: 11 [[ChromeDriver: chrome on MAC (8afe605f591f38670e69c8d6f04279cc)] -> xpath: //div[@id='betslip-btn-toolbar']//a]])
13:44:21.608 INFO - Done: [click: 11 [[ChromeDriver: chrome on MAC (8afe605f591f38670e69c8d6f04279cc)] -> xpath: //div[@id='betslip-btn-toolbar']//a]]
13:44:21.615 INFO - Executing: [find elements: By.xpath: //span[@class[contains(.,'betslip')]]/input])
13:44:21.660 INFO - Done: [find elements: By.xpath: //span[@class[contains(.,'betslip')]]/input]
13:44:21.664 INFO - Executing: [is displayed: 12 [[ChromeDriver: chrome on MAC (8afe605f591f38670e69c8d6f04279cc)] -> xpath: //span[@class[contains(.,'betslip')]]/input]])
13:44:21.690 INFO - Done: [is displayed: 12 [[ChromeDriver: chrome on MAC (8afe605f591f38670e69c8d6f04279cc)] -> xpath: //span[@class[contains(.,'betslip')]]/input]]
13:44:21.695 INFO - Executing: [find element: By.xpath: //span[@class[contains(.,'betslip')]]/input])
13:44:21.725 INFO - Done: [find element: By.xpath: //span[@class[contains(.,'betslip')]]/input]
13:44:21.729 INFO - Executing: [send keys: 12 [[ChromeDriver: chrome on MAC (8afe605f591f38670e69c8d6f04279cc)] -> xpath: //span[@class[contains(.,'betslip')]]/input], [0, ., 1]])
13:44:21.814 INFO - Done: [send keys: 12 [[ChromeDriver: chrome on MAC (8afe605f591f38670e69c8d6f04279cc)] -> xpath: //span[@class[contains(.,'betslip')]]/input], [0, ., 1]]
13:44:23.819 INFO - Executing: [find element: By.xpath: //input[@id='place-bet-button']])
13:44:23.841 INFO - Done: [find element: By.xpath: //input[@id='place-bet-button']]
13:44:23.843 INFO - Executing: [click: 13 [[ChromeDriver: chrome on MAC (8afe605f591f38670e69c8d6f04279cc)] -> xpath: //input[@id='place-bet-button']]])
13:44:26.501 INFO - Done: [click: 13 [[ChromeDriver: chrome on MAC (8afe605f591f38670e69c8d6f04279cc)] -> xpath: //input[@id='place-bet-button']]]
13:44:26.508 INFO - Executing: [find elements: By.xpath: //*[@id='receipt-notice-box']])
13:44:26.566 INFO - Done: [find elements: By.xpath: //*[@id='receipt-notice-box']]
13:44:26.570 INFO - Executing: [is displayed: 14 [[ChromeDriver: chrome on MAC (8afe605f591f38670e69c8d6f04279cc)] -> xpath: //*[@id='receipt-notice-box']]])
13:44:26.644 INFO - Done: [is displayed: 14 [[ChromeDriver: chrome on MAC (8afe605f591f38670e69c8d6f04279cc)] -> xpath: //*[@id='receipt-notice-box']]]
13:44:26.648 INFO - Executing: [find elements: By.xpath: //*[@id='receipt-notice-box']])
13:44:26.749 INFO - Done: [find elements: By.xpath: //*[@id='receipt-notice-box']]
13:44:26.756 INFO - Executing: [get text: 14 [[ChromeDriver: chrome on MAC (8afe605f591f38670e69c8d6f04279cc)] -> xpath: //*[@id='receipt-notice-box']]])
13:44:26.807 INFO - Done: [get text: 14 [[ChromeDriver: chrome on MAC (8afe605f591f38670e69c8d6f04279cc)] -> xpath: //*[@id='receipt-notice-box']]]
13:44:26.815 INFO - Executing: [delete session: 1016c1e2-d251-49aa-85f5-5add66ff8690])
13:44:26.899 INFO - Done: [delete session: 1016c1e2-d251-49aa-85f5-5add66ff8690]
